0 info it worked if it ends with ok
1 verbose cli [ '/Users/Sam/.node/bin/node',
1 verbose cli   '/Users/Sam/.node/bin/npm',
1 verbose cli   'publish' ]
2 info using npm@2.14.12
3 info using node@v4.3.1
4 verbose publish [ '.' ]
5 silly cache add args [ '.', null ]
6 verbose cache add spec .
7 silly cache add parsed spec Result {
7 silly cache add   raw: '.',
7 silly cache add   scope: null,
7 silly cache add   name: null,
7 silly cache add   rawSpec: '.',
7 silly cache add   spec: '/Users/Sam/401d2/week-1/hw/week-1-hw/sam/create-a-framework',
7 silly cache add   type: 'directory' }
8 verbose addLocalDirectory /Users/Sam/.npm/GROSS/1.0.0/package.tgz not in flight; packing
9 verbose tar pack [ '/Users/Sam/.npm/GROSS/1.0.0/package.tgz',
9 verbose tar pack   '/Users/Sam/401d2/week-1/hw/week-1-hw/sam/create-a-framework' ]
10 verbose tarball /Users/Sam/.npm/GROSS/1.0.0/package.tgz
11 verbose folder /Users/Sam/401d2/week-1/hw/week-1-hw/sam/create-a-framework
12 info prepublish GROSS@1.0.0
13 verbose addLocalTarball adding from inside cache /Users/Sam/.npm/GROSS/1.0.0/package.tgz
14 silly cache afterAdd GROSS@1.0.0
15 verbose afterAdd /Users/Sam/.npm/GROSS/1.0.0/package/package.json not in flight; writing
16 verbose afterAdd /Users/Sam/.npm/GROSS/1.0.0/package/package.json written
17 silly publish { name: 'GROSS',
17 silly publish   version: '1.0.0',
17 silly publish   description: '### Description:   The GROSS module is a NPM package that must be required in.  Requiring the module provides the functionality to create a HTTP server and handle the routing for \'GET\', \'POST\', \'PUT\' and \'DELETE\' requests.  The main structure for this module was built using a constructor function and the module as a whole acts similar to the express module.',
17 silly publish   main: 'myModule.js',
17 silly publish   dependencies: {},
17 silly publish   devDependencies:
17 silly publish    { chai: '^3.5.0',
17 silly publish      'chai-http': '^2.0.1',
17 silly publish      gulp: '^3.9.1',
17 silly publish      'gulp-eslint': '^2.0.0',
17 silly publish      'gulp-mocha': '^2.2.0' },
17 silly publish   scripts:
17 silly publish    { test: 'echo "Error: no test specified" && exit 1',
17 silly publish      start: 'node server.js' },
17 silly publish   keywords: [],
17 silly publish   author: '',
17 silly publish   license: 'ISC',
17 silly publish   readme: '# ReadMe for the GROSS module\n\n### Description:\n  The GROSS module is a NPM package that must be required in.  Requiring the module provides the functionality to create a HTTP server and handle the routing for \'GET\', \'POST\', \'PUT\' and \'DELETE\' requests.  The main structure for this module was built using a constructor function and the module as a whole acts similar to the express module.\n\n### Requiring in the GROSS module:\n  ```javascript\n  var Router = require(\'GROSS\');\n  var router = Router();\n  ```\n',
17 silly publish   readmeFilename: 'readme.md',
17 silly publish   gitHead: '42343a83c5c40d11e5b55d626ee1097b7eb98add',
17 silly publish   _id: 'GROSS@1.0.0',
17 silly publish   _shasum: '72774e59e2e055a2dc1c9de624e1104f532092ae',
17 silly publish   _from: '.' }
18 verbose getPublishConfig undefined
19 silly mapToRegistry name GROSS
20 silly mapToRegistry using default registry
21 silly mapToRegistry registry https://registry.npmjs.org/
22 silly mapToRegistry uri https://registry.npmjs.org/GROSS
23 verbose publish registryBase https://registry.npmjs.org/
24 silly publish uploading /Users/Sam/.npm/GROSS/1.0.0/package.tgz
25 verbose request uri https://registry.npmjs.org/GROSS
26 verbose request sending authorization for write operation
27 info attempt registry request try #1 at 12:18:14
28 verbose request using bearer token for auth
29 verbose request id b4000f59f43fe93a
30 http request PUT https://registry.npmjs.org/GROSS
31 http 400 https://registry.npmjs.org/GROSS
32 verbose headers { 'content-type': 'application/json',
32 verbose headers   'cache-control': 'max-age=300',
32 verbose headers   'content-length': '54',
32 verbose headers   'accept-ranges': 'bytes',
32 verbose headers   date: 'Mon, 14 Mar 2016 19:18:15 GMT',
32 verbose headers   via: '1.1 varnish',
32 verbose headers   connection: 'keep-alive',
32 verbose headers   'x-served-by': 'cache-sjc3122-SJC',
32 verbose headers   'x-cache': 'MISS',
32 verbose headers   'x-cache-hits': '0',
32 verbose headers   'x-timer': 'S1457983095.270169,VS0,VE176' }
33 verbose request invalidating /Users/Sam/.npm/registry.npmjs.org/GROSS on PUT
34 error publish Failed PUT 400
35 verbose stack Error: name can no longer contain capital letters : GROSS
35 verbose stack     at makeError (/Users/Sam/.node/lib/node_modules/npm/node_modules/npm-registry-client/lib/request.js:264:12)
35 verbose stack     at CachingRegistryClient.<anonymous> (/Users/Sam/.node/lib/node_modules/npm/node_modules/npm-registry-client/lib/request.js:252:14)
35 verbose stack     at Request._callback (/Users/Sam/.node/lib/node_modules/npm/node_modules/npm-registry-client/lib/request.js:172:14)
35 verbose stack     at Request.self.callback (/Users/Sam/.node/lib/node_modules/npm/node_modules/request/request.js:198:22)
35 verbose stack     at emitTwo (events.js:87:13)
35 verbose stack     at Request.emit (events.js:172:7)
35 verbose stack     at Request.<anonymous> (/Users/Sam/.node/lib/node_modules/npm/node_modules/request/request.js:1082:10)
35 verbose stack     at emitOne (events.js:82:20)
35 verbose stack     at Request.emit (events.js:169:7)
35 verbose stack     at IncomingMessage.<anonymous> (/Users/Sam/.node/lib/node_modules/npm/node_modules/request/request.js:1009:12)
36 verbose statusCode 400
37 verbose pkgid GROSS
38 verbose cwd /Users/Sam/401d2/week-1/hw/week-1-hw/sam/create-a-framework
39 error Darwin 14.5.0
40 error argv "/Users/Sam/.node/bin/node" "/Users/Sam/.node/bin/npm" "publish"
41 error node v4.3.1
42 error npm  v2.14.12
43 error code E400
44 error name can no longer contain capital letters : GROSS
45 error If you need help, you may report this error at:
45 error     <https://github.com/npm/npm/issues>
46 verbose exit [ 1, true ]
